----------------------------------------------------------------
<<<<<<< HEAD
Mon Sep 07 16:15:28 CEST 2020:
Booting Derby version The Apache Software Foundation - Apache Derby - 10.14.2.0 - (1828579): instance a816c00e-0174-68eb-f410-000008b17780 
on database directory C:\Users\timo.homburg\git\postgis-jena\sis\Databases\SpatialMetadata with class loader sun.misc.Launcher$AppClassLoader@531d72ca 
Loaded from file:/C:/Users/timo.homburg/.m2/repository/org/apache/derby/derby/10.14.2.0/derby-10.14.2.0.jar
java.vendor=Oracle Corporation
java.runtime.version=1.8.0_251-b08
user.dir=C:\Users\timo.homburg\git\rdf4j-postgis
os.name=Windows 10
os.arch=amd64
os.version=10.0
derby.system.home=null
Database Class Loader started - derby.database.classpath=''
----------------------------------------------------------------
Mon Sep 07 16:15:29 CEST 2020:
Shutting down instance a816c00e-0174-68eb-f410-000008b17780 on database directory C:\Users\timo.homburg\git\postgis-jena\sis\Databases\SpatialMetadata with class loader sun.misc.Launcher$AppClassLoader@531d72ca 
=======
Sun Sep 06 01:20:57 CEST 2020:
Booting Derby (version The Apache Software Foundation - Apache Derby - 10.14.2.0 - (1828579)) instance a816c00e-0174-6092-a596-0000045f8368 
on database directory classpath:SIS_DATA/Databases/SpatialMetadata in READ ONLY mode with class loader sun.misc.Launcher$AppClassLoader@22d8cfe0. 
Loaded from file:/home/timo/.m2/repository/org/apache/derby/derby/10.14.2.0/derby-10.14.2.0.jar.
java.vendor=Oracle Corporation
java.runtime.version=1.8.0_201-b09
user.dir=/home/timo/git/rdf4j-postgis
os.name=Linux
os.arch=amd64
os.version=5.7.6-towo.1-siduction-amd64
derby.system.home=null
Database Class Loader started - derby.database.classpath=''
----------------------------------------------------------------
Sun Sep 06 01:20:57 CEST 2020:
Shutting down instance a816c00e-0174-6092-a596-0000045f8368 on database directory classpath:SIS_DATA/Databases/SpatialMetadata with class loader sun.misc.Launcher$AppClassLoader@22d8cfe0 
>>>>>>> c6a42be03a632353881d97db2970a77106f9c951
